  ▲ Next.js 14.2.35
  - Local:        http://localhost:3111
  - Network:      http://0.0.0.0:3111
  - Environments: .env.local, .env
  - Experiments (use with caution):
    · instrumentationHook

 ✓ Starting...
   
Your tsconfig.json extends another configuration, which means we cannot add the Next.js TypeScript plugin automatically. To improve your development experience, we recommend adding the Next.js plugin (`"plugins": [{ "name": "next" }]`) manually to your TypeScript configuration. Learn more: https://nextjs.org/docs/app/building-your-application/configuring/typescript#the-typescript-plugin

   Using tsconfig file: tsconfig.next.json
 ○ Compiling /instrumentation ...
 ✓ Compiled /instrumentation in 6.4s (1135 modules)
[instrumentation] Background jobs disabled in local dev. Set ENABLE_BACKGROUND_JOBS_IN_DEV=true to opt in.
 ✓ Ready in 11.6s
 ○ Compiling /middleware ...
 ✓ Compiled /middleware in 2000ms (1392 modules)
 ○ Compiling /book ...
 ✓ Compiled /book in 54.4s (9371 modules)
 ○ Compiling /_error ...
 ✓ Compiled /_error in 3.4s (9919 modules)
 GET / 500 in 23385ms
 ✓ Compiled in 2.3s (2213 modules)
 ✓ Compiled in 1067ms (1392 modules)
[?25h
