=.next-verify-3111 : The term '=.next-verify-3111' is not recognized as the name of a cmdlet, function, script file, 
or operable program. Check the spelling of the name, or if a path was included, verify that the path is correct and 
try again.
At line:1 char:37
+ cd 'c:\Users\david\Documents\CFv1'; ='.next-verify-3111'; npx next de ...
+                                     ~~~~~~~~~~~~~~~~~~~~
    + CategoryInfo          : ObjectNotFound: (=.next-verify-3111:String) [], CommandNotFoundException
    + FullyQualifiedErrorId : CommandNotFoundException
 
 ⚠ Invalid next.config.js options detected: 
 ⚠     Unrecognized key(s) in object: 'serverActions'
 ⚠ See more info here: https://nextjs.org/docs/messages/invalid-next-config
[@sentry/nextjs] DEPRECATION WARNING: It is recommended renaming your `sentry.client.config.ts` file, or moving its content to `instrumentation-client.ts`. When using Turbopack `sentry.client.config.ts` will no longer work. Read more about the `instrumentation-client.ts` file: https://nextjs.org/docs/app/api-reference/file-conventions/instrumentation-client
<w> [webpack.cache.PackFileCacheStrategy] Restoring pack from C:\Users\david\Documents\CFv1\.next-dev\cache\webpack\server-development.pack.gz failed: TypeError: Cannot read properties of undefined (reading 'hasStartTime')
<w> [webpack.cache.PackFileCacheStrategy] Serializing big strings (188kiB) impacts deserialization performance (consider using Buffer instead and decode when needed)
<w> [webpack.cache.PackFileCacheStrategy] Serializing big strings (139kiB) impacts deserialization performance (consider using Buffer instead and decode when needed)
<w> [webpack.cache.PackFileCacheStrategy] Serializing big strings (692kiB) impacts deserialization performance (consider using Buffer instead and decode when needed)
<w> [webpack.cache.PackFileCacheStrategy] Serializing big strings (695kiB) impacts deserialization performance (consider using Buffer instead and decode when needed)
<w> [webpack.cache.PackFileCacheStrategy] Serializing big strings (227kiB) impacts deserialization performance (consider using Buffer instead and decode when needed)
<w> [webpack.cache.PackFileCacheStrategy] Caching failed for pack: Error: ENOENT: no such file or directory, rename 'C:\Users\david\Documents\CFv1\.next-dev\cache\webpack\edge-server-development\7.pack.gz_' -> 'C:\Users\david\Documents\CFv1\.next-dev\cache\webpack\edge-server-development\7.pack.gz'
 ⨯ TypeError: Cannot read properties of undefined (reading 'call')
    at __webpack_require__ (C:\Users\david\Documents\CFv1\.next-dev\server\webpack-runtime.js:33:43)
    at eval (webpack-internal:///(rsc)/./node_modules/next/dist/server/app-render/entry-base.js:82:47)
    at (rsc)/./node_modules/next/dist/server/app-render/entry-base.js (C:\Users\david\Documents\CFv1\.next-dev\server\vendor-chunks\next.js:3575:1)
    at __webpack_require__ (C:\Users\david\Documents\CFv1\.next-dev\server\webpack-runtime.js:33:43)
    at eval (webpack-internal:///(rsc)/./node_modules/next/dist/build/webpack/loaders/next-app-loader.js?name=app%2F(public)%2Fpage&page=%2F(public)%2Fpage&appPaths=%2F(public)%2Fpage&pagePath=private-next-app-dir%2F(public)%2Fpage.tsx&appDir=C%3A%5CUsers%5Cdavid%5CDocuments%5CCFv1%5Capp&pageExtensions=tsx&pageExtensions=ts&pageExtensions=jsx&pageExtensions=js&rootDir=C%3A%5CUsers%5Cdavid%5CDocuments%5CCFv1&isDev=true&tsconfigPath=tsconfig.next.json&basePath=&assetPrefix=&nextConfigOutput=&preferredRegion=&middlewareConfig=e30%3D!:14:96)
    at (rsc)/./node_modules/next/dist/build/webpack/loaders/next-app-loader.js?name=app%2F(public)%2Fpage&page=%2F(public)%2Fpage&appPaths=%2F(public)%2Fpage&pagePath=private-next-app-dir%2F(public)%2Fpage.tsx&appDir=C%3A%5CUsers%5Cdavid%5CDocuments%5CCFv1%5Capp&pageExtensions=tsx&pageExtensions=ts&pageExtensions=jsx&pageExtensions=js&rootDir=C%3A%5CUsers%5Cdavid%5CDocuments%5CCFv1&isDev=true&tsconfigPath=tsconfig.next.json&basePath=&assetPrefix=&nextConfigOutput=&preferredRegion=&middlewareConfig=e30%3D! (C:\Users\david\Documents\CFv1\.next-dev\server\app\(public)\page.js:593:1)
    at __webpack_require__ (C:\Users\david\Documents\CFv1\.next-dev\server\webpack-runtime.js:33:43)
    at __webpack_exec__ (C:\Users\david\Documents\CFv1\.next-dev\server\app\(public)\page.js:2225:39)
    at C:\Users\david\Documents\CFv1\.next-dev\server\app\(public)\page.js:2226:742
    at __webpack_require__.X (C:\Users\david\Documents\CFv1\.next-dev\server\webpack-runtime.js:235:21)
    at C:\Users\david\Documents\CFv1\.next-dev\server\app\(public)\page.js:2226:47
    at Object.<anonymous> (C:\Users\david\Documents\CFv1\.next-dev\server\app\(public)\page.js:2229:3)
    at Module._compile (node:internal/modules/cjs/loader:1730:14)
    at Object..js (node:internal/modules/cjs/loader:1895:10)
    at Module.load (node:internal/modules/cjs/loader:1465:32)
    at Function._load (node:internal/modules/cjs/loader:1282:12)
    at TracingChannel.traceSync (node:diagnostics_channel:322:14)
    at wrapModuleLoad (node:internal/modules/cjs/loader:235:24)
    at Module.<anonymous> (node:internal/modules/cjs/loader:1487:12)
    at mod.require (C:\Users\david\Documents\CFv1\node_modules\next\dist\server\require-hook.js:65:28)
    at require (node:internal/modules/helpers:135:16)
    at requirePage (C:\Users\david\Documents\CFv1\node_modules\next\dist\server\require.js:109:84)
    at C:\Users\david\Documents\CFv1\node_modules\next\dist\server\load-components.js:103:84
    at async loadComponentsImpl (C:\Users\david\Documents\CFv1\node_modules\next\dist\server\load-components.js:103:26)
    at async DevServer.findPageComponentsImpl (C:\Users\david\Documents\CFv1\node_modules\next\dist\server\next-server.js:714:36)
    at async DevServer.findPageComponents (C:\Users\david\Documents\CFv1\node_modules\next\dist\server\dev\next-dev-server.js:577:20)
    at async DevServer.renderPageComponent (C:\Users\david\Documents\CFv1\node_modules\next\dist\server\base-server.js:1910:24)
    at async DevServer.renderToResponseImpl (C:\Users\david\Documents\CFv1\node_modules\next\dist\server\base-server.js:1962:32)
    at async DevServer.pipeImpl (C:\Users\david\Documents\CFv1\node_modules\next\dist\server\base-server.js:922:25)
    at async NextNodeServer.handleCatchallRenderRequest (C:\Users\david\Documents\CFv1\node_modules\next\dist\server\next-server.js:272:17)
    at async DevServer.handleRequestImpl (C:\Users\david\Documents\CFv1\node_modules\next\dist\server\base-server.js:818:17)
    at async C:\Users\david\Documents\CFv1\node_modules\next\dist\server\dev\next-dev-server.js:339:20
    at async Span.traceAsyncFn (C:\Users\david\Documents\CFv1\node_modules\next\dist\trace\trace.js:154:20)
    at async DevServer.handleRequest (C:\Users\david\Documents\CFv1\node_modules\next\dist\server\dev\next-dev-server.js:336:24)
    at async invokeRender (C:\Users\david\Documents\CFv1\node_modules\next\dist\server\lib\router-server.js:179:21)
    at async handleRequest (C:\Users\david\Documents\CFv1\node_modules\next\dist\server\lib\router-server.js:359:24)
    at async requestHandlerImpl (C:\Users\david\Documents\CFv1\node_modules\next\dist\server\lib\router-server.js:383:13)
    at async Server.requestListener (C:\Users\david\Documents\CFv1\node_modules\next\dist\server\lib\start-server.js:141:13) {
  page: '/'
}
 ⨯ TypeError: Cannot read properties of undefined (reading 'call')
    at __webpack_require__ (C:\Users\david\Documents\CFv1\.next-dev\server\webpack-runtime.js:33:43)
    at eval (webpack-internal:///(rsc)/./node_modules/next/dist/server/app-render/entry-base.js:82:47)
    at (rsc)/./node_modules/next/dist/server/app-render/entry-base.js (C:\Users\david\Documents\CFv1\.next-dev\server\vendor-chunks\next.js:3575:1)
    at __webpack_require__ (C:\Users\david\Documents\CFv1\.next-dev\server\webpack-runtime.js:33:43)
    at eval (webpack-internal:///(rsc)/./node_modules/next/dist/build/webpack/loaders/next-app-loader.js?name=app%2F(public)%2Fpage&page=%2F(public)%2Fpage&appPaths=%2F(public)%2Fpage&pagePath=private-next-app-dir%2F(public)%2Fpage.tsx&appDir=C%3A%5CUsers%5Cdavid%5CDocuments%5CCFv1%5Capp&pageExtensions=tsx&pageExtensions=ts&pageExtensions=jsx&pageExtensions=js&rootDir=C%3A%5CUsers%5Cdavid%5CDocuments%5CCFv1&isDev=true&tsconfigPath=tsconfig.next.json&basePath=&assetPrefix=&nextConfigOutput=&preferredRegion=&middlewareConfig=e30%3D!:14:96)
    at (rsc)/./node_modules/next/dist/build/webpack/loaders/next-app-loader.js?name=app%2F(public)%2Fpage&page=%2F(public)%2Fpage&appPaths=%2F(public)%2Fpage&pagePath=private-next-app-dir%2F(public)%2Fpage.tsx&appDir=C%3A%5CUsers%5Cdavid%5CDocuments%5CCFv1%5Capp&pageExtensions=tsx&pageExtensions=ts&pageExtensions=jsx&pageExtensions=js&rootDir=C%3A%5CUsers%5Cdavid%5CDocuments%5CCFv1&isDev=true&tsconfigPath=tsconfig.next.json&basePath=&assetPrefix=&nextConfigOutput=&preferredRegion=&middlewareConfig=e30%3D! (C:\Users\david\Documents\CFv1\.next-dev\server\app\(public)\page.js:593:1)
    at __webpack_require__ (C:\Users\david\Documents\CFv1\.next-dev\server\webpack-runtime.js:33:43)
    at __webpack_exec__ (C:\Users\david\Documents\CFv1\.next-dev\server\app\(public)\page.js:2225:39)
    at C:\Users\david\Documents\CFv1\.next-dev\server\app\(public)\page.js:2226:742
    at __webpack_require__.X (C:\Users\david\Documents\CFv1\.next-dev\server\webpack-runtime.js:235:21)
    at C:\Users\david\Documents\CFv1\.next-dev\server\app\(public)\page.js:2226:47
    at Object.<anonymous> (C:\Users\david\Documents\CFv1\.next-dev\server\app\(public)\page.js:2229:3)
    at Module._compile (node:internal/modules/cjs/loader:1730:14)
    at Object..js (node:internal/modules/cjs/loader:1895:10)
    at Module.load (node:internal/modules/cjs/loader:1465:32)
    at Function._load (node:internal/modules/cjs/loader:1282:12)
    at TracingChannel.traceSync (node:diagnostics_channel:322:14)
    at wrapModuleLoad (node:internal/modules/cjs/loader:235:24)
    at Module.<anonymous> (node:internal/modules/cjs/loader:1487:12)
    at mod.require (C:\Users\david\Documents\CFv1\node_modules\next\dist\server\require-hook.js:65:28)
    at require (node:internal/modules/helpers:135:16)
    at requirePage (C:\Users\david\Documents\CFv1\node_modules\next\dist\server\require.js:109:84)
    at C:\Users\david\Documents\CFv1\node_modules\next\dist\server\load-components.js:103:84
    at async loadComponentsImpl (C:\Users\david\Documents\CFv1\node_modules\next\dist\server\load-components.js:103:26)
    at async DevServer.findPageComponentsImpl (C:\Users\david\Documents\CFv1\node_modules\next\dist\server\next-server.js:714:36)
    at async DevServer.findPageComponents (C:\Users\david\Documents\CFv1\node_modules\next\dist\server\dev\next-dev-server.js:577:20)
    at async DevServer.renderPageComponent (C:\Users\david\Documents\CFv1\node_modules\next\dist\server\base-server.js:1910:24)
    at async DevServer.renderToResponseImpl (C:\Users\david\Documents\CFv1\node_modules\next\dist\server\base-server.js:1962:32)
    at async DevServer.pipeImpl (C:\Users\david\Documents\CFv1\node_modules\next\dist\server\base-server.js:922:25)
    at async NextNodeServer.handleCatchallRenderRequest (C:\Users\david\Documents\CFv1\node_modules\next\dist\server\next-server.js:272:17)
    at async DevServer.handleRequestImpl (C:\Users\david\Documents\CFv1\node_modules\next\dist\server\base-server.js:818:17)
    at async C:\Users\david\Documents\CFv1\node_modules\next\dist\server\dev\next-dev-server.js:339:20
    at async Span.traceAsyncFn (C:\Users\david\Documents\CFv1\node_modules\next\dist\trace\trace.js:154:20)
    at async DevServer.handleRequest (C:\Users\david\Documents\CFv1\node_modules\next\dist\server\dev\next-dev-server.js:336:24)
    at async invokeRender (C:\Users\david\Documents\CFv1\node_modules\next\dist\server\lib\router-server.js:179:21)
    at async handleRequest (C:\Users\david\Documents\CFv1\node_modules\next\dist\server\lib\router-server.js:359:24)
    at async requestHandlerImpl (C:\Users\david\Documents\CFv1\node_modules\next\dist\server\lib\router-server.js:383:13)
    at async Server.requestListener (C:\Users\david\Documents\CFv1\node_modules\next\dist\server\lib\start-server.js:141:13) {
  page: '/'
}
 ⨯ TypeError: Cannot read properties of undefined (reading 'call')
    at __webpack_require__ (C:\Users\david\Documents\CFv1\.next-dev\server\webpack-runtime.js:33:43)
    at eval (webpack-internal:///(rsc)/./node_modules/next/dist/server/app-render/entry-base.js:82:47)
    at (rsc)/./node_modules/next/dist/server/app-render/entry-base.js (C:\Users\david\Documents\CFv1\.next-dev\server\vendor-chunks\next.js:3575:1)
    at __webpack_require__ (C:\Users\david\Documents\CFv1\.next-dev\server\webpack-runtime.js:33:43)
    at eval (webpack-internal:///(rsc)/./node_modules/next/dist/build/webpack/loaders/next-app-loader.js?name=app%2F(public)%2Fbook%2Fpage&page=%2F(public)%2Fbook%2Fpage&appPaths=%2F(public)%2Fbook%2Fpage&pagePath=private-next-app-dir%2F(public)%2Fbook%2Fpage.tsx&appDir=C%3A%5CUsers%5Cdavid%5CDocuments%5CCFv1%5Capp&pageExtensions=tsx&pageExtensions=ts&pageExtensions=jsx&pageExtensions=js&rootDir=C%3A%5CUsers%5Cdavid%5CDocuments%5CCFv1&isDev=true&tsconfigPath=tsconfig.next.json&basePath=&assetPrefix=&nextConfigOutput=&preferredRegion=&middlewareConfig=e30%3D!:14:96)
    at (rsc)/./node_modules/next/dist/build/webpack/loaders/next-app-loader.js?name=app%2F(public)%2Fbook%2Fpage&page=%2F(public)%2Fbook%2Fpage&appPaths=%2F(public)%2Fbook%2Fpage&pagePath=private-next-app-dir%2F(public)%2Fbook%2Fpage.tsx&appDir=C%3A%5CUsers%5Cdavid%5CDocuments%5CCFv1%5Capp&pageExtensions=tsx&pageExtensions=ts&pageExtensions=jsx&pageExtensions=js&rootDir=C%3A%5CUsers%5Cdavid%5CDocuments%5CCFv1&isDev=true&tsconfigPath=tsconfig.next.json&basePath=&assetPrefix=&nextConfigOutput=&preferredRegion=&middlewareConfig=e30%3D! (C:\Users\david\Documents\CFv1\.next-dev\server\app\(public)\book\page.js:593:1)
    at __webpack_require__ (C:\Users\david\Documents\CFv1\.next-dev\server\webpack-runtime.js:33:43)
    at __webpack_exec__ (C:\Users\david\Documents\CFv1\.next-dev\server\app\(public)\book\page.js:2119:39)
    at C:\Users\david\Documents\CFv1\.next-dev\server\app\(public)\book\page.js:2120:742
    at __webpack_require__.X (C:\Users\david\Documents\CFv1\.next-dev\server\webpack-runtime.js:235:21)
    at C:\Users\david\Documents\CFv1\.next-dev\server\app\(public)\book\page.js:2120:47
    at Object.<anonymous> (C:\Users\david\Documents\CFv1\.next-dev\server\app\(public)\book\page.js:2123:3)
    at Module._compile (node:internal/modules/cjs/loader:1730:14)
    at Object..js (node:internal/modules/cjs/loader:1895:10)
    at Module.load (node:internal/modules/cjs/loader:1465:32)
    at Function._load (node:internal/modules/cjs/loader:1282:12)
    at TracingChannel.traceSync (node:diagnostics_channel:322:14)
    at wrapModuleLoad (node:internal/modules/cjs/loader:235:24)
    at Module.<anonymous> (node:internal/modules/cjs/loader:1487:12)
    at mod.require (C:\Users\david\Documents\CFv1\node_modules\next\dist\server\require-hook.js:65:28)
    at require (node:internal/modules/helpers:135:16)
    at requirePage (C:\Users\david\Documents\CFv1\node_modules\next\dist\server\require.js:109:84)
    at C:\Users\david\Documents\CFv1\node_modules\next\dist\server\load-components.js:103:84
    at async loadComponentsImpl (C:\Users\david\Documents\CFv1\node_modules\next\dist\server\load-components.js:103:26)
    at async DevServer.findPageComponentsImpl (C:\Users\david\Documents\CFv1\node_modules\next\dist\server\next-server.js:714:36)
    at async DevServer.findPageComponents (C:\Users\david\Documents\CFv1\node_modules\next\dist\server\dev\next-dev-server.js:577:20)
    at async DevServer.renderPageComponent (C:\Users\david\Documents\CFv1\node_modules\next\dist\server\base-server.js:1910:24)
    at async DevServer.renderToResponseImpl (C:\Users\david\Documents\CFv1\node_modules\next\dist\server\base-server.js:1962:32)
    at async DevServer.pipeImpl (C:\Users\david\Documents\CFv1\node_modules\next\dist\server\base-server.js:922:25)
    at async NextNodeServer.handleCatchallRenderRequest (C:\Users\david\Documents\CFv1\node_modules\next\dist\server\next-server.js:272:17)
    at async DevServer.handleRequestImpl (C:\Users\david\Documents\CFv1\node_modules\next\dist\server\base-server.js:818:17)
    at async C:\Users\david\Documents\CFv1\node_modules\next\dist\server\dev\next-dev-server.js:339:20
    at async Span.traceAsyncFn (C:\Users\david\Documents\CFv1\node_modules\next\dist\trace\trace.js:154:20)
    at async DevServer.handleRequest (C:\Users\david\Documents\CFv1\node_modules\next\dist\server\dev\next-dev-server.js:336:24)
    at async invokeRender (C:\Users\david\Documents\CFv1\node_modules\next\dist\server\lib\router-server.js:179:21)
    at async handleRequest (C:\Users\david\Documents\CFv1\node_modules\next\dist\server\lib\router-server.js:359:24)
    at async requestHandlerImpl (C:\Users\david\Documents\CFv1\node_modules\next\dist\server\lib\router-server.js:383:13)
    at async Server.requestListener (C:\Users\david\Documents\CFv1\node_modules\next\dist\server\lib\start-server.js:141:13) {
  page: '/book'
}
<w> [webpack.cache.PackFileCacheStrategy] Restoring pack from C:\Users\david\Documents\CFv1\.next-dev\cache\webpack\server-development.pack.gz failed: TypeError: Cannot read properties of undefined (reading 'hasStartTime')
<w> [webpack.cache.PackFileCacheStrategy] Caching failed for pack: Error: ENOENT: no such file or directory, rename 'C:\Users\david\Documents\CFv1\.next-dev\cache\webpack\edge-server-development\0.pack.gz_' -> 'C:\Users\david\Documents\CFv1\.next-dev\cache\webpack\edge-server-development\0.pack.gz'
<w> [webpack.cache.PackFileCacheStrategy] Caching failed for pack: Error: ENOENT: no such file or directory, rename 'C:\Users\david\Documents\CFv1\.next-dev\cache\webpack\server-development\0.pack.gz_' -> 'C:\Users\david\Documents\CFv1\.next-dev\cache\webpack\server-development\0.pack.gz'
<w> [webpack.cache.PackFileCacheStrategy] Caching failed for pack: Error: EPERM: operation not permitted, rename 'C:\Users\david\Documents\CFv1\.next-dev\cache\webpack\edge-server-development\0.pack.gz_' -> 'C:\Users\david\Documents\CFv1\.next-dev\cache\webpack\edge-server-development\0.pack.gz'
